#
# There is insufficient memory for the Java Runtime Environment to continue.
# Native memory allocation (malloc) failed to allocate 32744 bytes for ChunkPool::allocate
# Possible reasons:
#   The system is out of physical RAM or swap space
#   The process is running with CompressedOops enabled, and the Java Heap may be blocking the growth of the native heap
# Possible solutions:
#   Reduce memory load on the system
#   Increase physical memory or swap space
#   Check if swap backing store is full
#   Decrease Java heap size (-Xmx/-Xms)
#   Decrease number of Java threads
#   Decrease Java thread stack sizes (-Xss)
#   Set larger code cache with -XX:ReservedCodeCacheSize=
#   JVM is running with Unscaled Compressed Oops mode in which the Java heap is
#     placed in the first 4GB address space. The Java Heap base address is the
#     maximum limit for the native heap growth. Please use -XX:HeapBaseMinAddress
#     to set the Java Heap base and to place the Java Heap above 4GB virtual address.
# This output file may be truncated or incomplete.
#
#  Out of Memory Error (allocation.cpp:272), pid=13516, tid=0x00000000000025e8
#
# JRE version: OpenJDK Runtime Environment (8.0_212-b04) (build 1.8.0_212-release-1586-b04)
# Java VM: OpenJDK 64-Bit Server VM (25.212-b04 mixed mode windows-amd64 compressed oops)
# Failed to write core dump. Minidumps are not enabled by default on client versions of Windows
#

---------------  T H R E A D  ---------------

Current thread (0x0000000019a6f000):  JavaThread "C2 CompilerThread0" daemon [_thread_in_native, id=9704, stack(0x000000001af50000,0x000000001b050000)]

Stack: [0x000000001af50000,0x000000001b050000]
[error occurred during error reporting (printing stack bounds), id 0xc0000005]

Native frames: (J=compiled Java code, j=interpreted, Vv=VM code, C=native code)


Current CompileTask:
C2:  10640 4398       4       org.antlr.v4.runtime.atn.ParserATNSimulator::closureCheckingStopState (244 bytes)


---------------  P R O C E S S  ---------------

Java Threads: ( => current thread )
  0x0000000019b10800 JavaThread "Service Thread" daemon [_thread_blocked, id=20420, stack(0x000000001b350000,0x000000001b450000)]
  0x0000000019a82000 JavaThread "C1 CompilerThread3" daemon [_thread_blocked, id=19584, stack(0x000000001b250000,0x000000001b350000)]
  0x0000000019a7f000 JavaThread "C2 CompilerThread2" daemon [_thread_in_native, id=6044, stack(0x000000001b150000,0x000000001b250000)]
  0x0000000019a78000 JavaThread "C2 CompilerThread1" daemon [_thread_in_native, id=3724, stack(0x000000001b050000,0x000000001b150000)]
=>0x0000000019a6f000 JavaThread "C2 CompilerThread0" daemon [_thread_in_native, id=9704, stack(0x000000001af50000,0x000000001b050000)]
  0x0000000019a15800 JavaThread "Attach Listener" daemon [_thread_blocked, id=324, stack(0x000000001ae50000,0x000000001af50000)]
  0x0000000019a6a800 JavaThread "Signal Dispatcher" daemon [_thread_blocked, id=10920, stack(0x000000001ad50000,0x000000001ae50000)]
  0x0000000018339000 JavaThread "Finalizer" daemon [_thread_blocked, id=3152, stack(0x000000001ac50000,0x000000001ad50000)]
  0x00000000199f3000 JavaThread "Reference Handler" daemon [_thread_blocked, id=18620, stack(0x000000001ab50000,0x000000001ac50000)]
  0x0000000002fbd800 JavaThread "main" [_thread_in_Java, id=8488, stack(0x0000000002fc0000,0x00000000030c0000)]

Other Threads:
  0x00000000199d2800 VMThread [stack: 0x000000001aa50000,0x000000001ab50000] [id=18560]
  0x0000000019b2a800 WatcherThread [stack: 0x000000001b450000,0x000000001b550000] [id=16704]

VM state:not at safepoint (normal execution)

VM Mutex/Monitor currently owned by a thread: None

heap address: 0x0000000081e00000, size: 2018 MB, Compressed Oops mode: 32-bit
Narrow klass base: 0x0000000000000000, Narrow klass shift: 3
Compressed class space size: 1073741824 Address: 0x0000000100000000

Heap:
 PSYoungGen      total 160256K, used 111153K [0x00000000d5f80000, 0x00000000e2100000, 0x0000000100000000)
  eden space 135680K, 63% used [0x00000000d5f80000,0x00000000db4139c0,0x00000000de400000)
  from space 24576K, 99% used [0x00000000e0180000,0x00000000e1978b80,0x00000000e1980000)
  to   space 30208K, 0% used [0x00000000de400000,0x00000000de400000,0x00000000e0180000)
 ParOldGen       total 101376K, used 34952K [0x0000000081e00000, 0x0000000088100000, 0x00000000d5f80000)
  object space 101376K, 34% used [0x0000000081e00000,0x00000000840220f0,0x0000000088100000)
 Metaspace       used 43711K, capacity 44227K, committed 44544K, reserved 1089536K
  class space    used 5369K, capacity 5544K, committed 5632K, reserved 1048576K

Card table byte_map: [0x0000000012580000,0x0000000012980000] byte_map_base: 0x0000000012171000

Marking Bits: (ParMarkBitMap*) 0x0000000062bd9f30
 Begin Bits: [0x0000000013630000, 0x00000000155b8000)
 End Bits:   [0x00000000155b8000, 0x0000000017540000)

Polling page: 0x0000000002b80000

CodeCache: size=245760Kb used=13908Kb max_used=13908Kb free=231851Kb
 bounds [0x00000000031c0000, 0x0000000003fc0000, 0x00000000121c0000]
 total_blobs=4564 nmethods=4100 adapters=377
 compilation: enabled

Compilation events (10 events):
Event: 10.592 Thread 0x0000000019a82000 4634       2       com.squareup.javapoet.CodeBlock$Builder::add (551 bytes)
Event: 10.601 Thread 0x0000000019a82000 nmethod 4634 0x000000000391fb50 code [0x00000000039201a0, 0x0000000003923528]
Event: 10.601 Thread 0x0000000019a82000 4637       2       com.squareup.javapoet.Util::join (77 bytes)
Event: 10.602 Thread 0x0000000019a82000 nmethod 4637 0x000000000391f190 code [0x000000000391f360, 0x000000000391f838]
Event: 10.602 Thread 0x0000000019a82000 4635       2       com.sun.tools.javac.code.Symbol$TypeSymbol::getEnclosingElement (5 bytes)
Event: 10.603 Thread 0x0000000019a82000 nmethod 4635 0x000000000391ee50 code [0x000000000391efa0, 0x000000000391f0f0]
Event: 10.603 Thread 0x0000000019a82000 4638       2       com.sun.tools.javac.code.Attribute$Array::<init> (11 bytes)
Event: 10.603 Thread 0x0000000019a82000 nmethod 4638 0x000000000391eb10 code [0x000000000391ec60, 0x000000000391edd0]
Event: 10.603 Thread 0x0000000019a82000 4636       2       java.util.LinkedHashSet::<init> (27 bytes)
Event: 10.603 Thread 0x0000000019a82000 nmethod 4636 0x000000000391e590 code [0x000000000391e740, 0x000000000391e9c8]

GC Heap History (10 events):
Event: 3.509 GC heap before
{Heap before GC invocations=4 (full 1):
 PSYoungGen      total 71680K, used 66560K [0x00000000d5f80000, 0x00000000daa80000, 0x0000000100000000)
  eden space 66560K, 100% used [0x00000000d5f80000,0x00000000da080000,0x00000000da080000)
  from space 5120K, 0% used [0x00000000da580000,0x00000000da580000,0x00000000daa80000)
  to   space 5120K, 0% used [0x00000000da080000,0x00000000da080000,0x00000000da580000)
 ParOldGen       total 66560K, used 9133K [0x0000000081e00000, 0x0000000085f00000, 0x00000000d5f80000)
  object space 66560K, 13% used [0x0000000081e00000,0x00000000826eb780,0x0000000085f00000)
 Metaspace       used 26218K, capacity 26686K, committed 27008K, reserved 1075200K
  class space    used 3298K, capacity 3408K, committed 3456K, reserved 1048576K
Event: 3.532 GC heap after
Heap after GC invocations=4 (full 1):
 PSYoungGen      total 71680K, used 5105K [0x00000000d5f80000, 0x00000000dc580000, 0x0000000100000000)
  eden space 66560K, 0% used [0x00000000d5f80000,0x00000000d5f80000,0x00000000da080000)
  from space 5120K, 99% used [0x00000000da080000,0x00000000da57c528,0x00000000da580000)
  to   space 5120K, 0% used [0x00000000dc080000,0x00000000dc080000,0x00000000dc580000)
 ParOldGen       total 66560K, used 18507K [0x0000000081e00000, 0x0000000085f00000, 0x00000000d5f80000)
  object space 66560K, 27% used [0x0000000081e00000,0x0000000083012ea8,0x0000000085f00000)
 Metaspace       used 26218K, capacity 26686K, committed 27008K, reserved 1075200K
  class space    used 3298K, capacity 3408K, committed 3456K, reserved 1048576K
}
Event: 3.699 GC heap before
{Heap before GC invocations=5 (full 1):
 PSYoungGen      total 71680K, used 11972K [0x00000000d5f80000, 0x00000000dc580000, 0x0000000100000000)
  eden space 66560K, 10% used [0x00000000d5f80000,0x00000000d6634c20,0x00000000da080000)
  from space 5120K, 99% used [0x00000000da080000,0x00000000da57c528,0x00000000da580000)
  to   space 5120K, 0% used [0x00000000dc080000,0x00000000dc080000,0x00000000dc580000)
 ParOldGen       total 66560K, used 18507K [0x0000000081e00000, 0x0000000085f00000, 0x00000000d5f80000)
  object space 66560K, 27% used [0x0000000081e00000,0x0000000083012ea8,0x0000000085f00000)
 Metaspace       used 27123K, capacity 27588K, committed 27736K, reserved 1075200K
  class space    used 3402K, capacity 3537K, committed 3584K, reserved 1048576K
Event: 3.711 GC heap after
Heap after GC invocations=5 (full 1):
 PSYoungGen      total 99328K, used 5105K [0x00000000d5f80000, 0x00000000dd000000, 0x0000000100000000)
  eden space 94208K, 0% used [0x00000000d5f80000,0x00000000d5f80000,0x00000000dbb80000)
  from space 5120K, 99% used [0x00000000dc080000,0x00000000dc57c528,0x00000000dc580000)
  to   space 5120K, 0% used [0x00000000dbb80000,0x00000000dbb80000,0x00000000dc080000)
 ParOldGen       total 66560K, used 20365K [0x0000000081e00000, 0x0000000085f00000, 0x00000000d5f80000)
  object space 66560K, 30% used [0x0000000081e00000,0x00000000831e36f0,0x0000000085f00000)
 Metaspace       used 27123K, capacity 27588K, committed 27736K, reserved 1075200K
  class space    used 3402K, capacity 3537K, committed 3584K, reserved 1048576K
}
Event: 3.711 GC heap before
{Heap before GC invocations=6 (full 2):
 PSYoungGen      total 99328K, used 5105K [0x00000000d5f80000, 0x00000000dd000000, 0x0000000100000000)
  eden space 94208K, 0% used [0x00000000d5f80000,0x00000000d5f80000,0x00000000dbb80000)
  from space 5120K, 99% used [0x00000000dc080000,0x00000000dc57c528,0x00000000dc580000)
  to   space 5120K, 0% used [0x00000000dbb80000,0x00000000dbb80000,0x00000000dc080000)
 ParOldGen       total 66560K, used 20365K [0x0000000081e00000, 0x0000000085f00000, 0x00000000d5f80000)
  object space 66560K, 30% used [0x0000000081e00000,0x00000000831e36f0,0x0000000085f00000)
 Metaspace       used 27123K, capacity 27588K, committed 27736K, reserved 1075200K
  class space    used 3402K, capacity 3537K, committed 3584K, reserved 1048576K
Event: 3.769 GC heap after
Heap after GC invocations=6 (full 2):
 PSYoungGen      total 99328K, used 0K [0x00000000d5f80000, 0x00000000dd000000, 0x0000000100000000)
  eden space 94208K, 0% used [0x00000000d5f80000,0x00000000d5f80000,0x00000000dbb80000)
  from space 5120K, 0% used [0x00000000dc080000,0x00000000dc080000,0x00000000dc580000)
  to   space 5120K, 0% used [0x00000000dbb80000,0x00000000dbb80000,0x00000000dc080000)
 ParOldGen       total 101376K, used 13262K [0x0000000081e00000, 0x0000000088100000, 0x00000000d5f80000)
  object space 101376K, 13% used [0x0000000081e00000,0x0000000082af39a0,0x0000000088100000)
 Metaspace       used 27123K, capacity 27588K, committed 27736K, reserved 1075200K
  class space    used 3402K, capacity 3537K, committed 3584K, reserved 1048576K
}
Event: 5.750 GC heap before
{Heap before GC invocations=7 (full 2):
 PSYoungGen      total 99328K, used 94208K [0x00000000d5f80000, 0x00000000dd000000, 0x0000000100000000)
  eden space 94208K, 100% used [0x00000000d5f80000,0x00000000dbb80000,0x00000000dbb80000)
  from space 5120K, 0% used [0x00000000dc080000,0x00000000dc080000,0x00000000dc580000)
  to   space 5120K, 0% used [0x00000000dbb80000,0x00000000dbb80000,0x00000000dc080000)
 ParOldGen       total 101376K, used 13262K [0x0000000081e00000, 0x0000000088100000, 0x00000000d5f80000)
  object space 101376K, 13% used [0x0000000081e00000,0x0000000082af39a0,0x0000000088100000)
 Metaspace       used 36290K, capacity 36833K, committed 37120K, reserved 1083392K
  class space    used 4573K, capacity 4742K, committed 4864K, reserved 1048576K
Event: 5.780 GC heap after
Heap after GC invocations=7 (full 2):
 PSYoungGen      total 99328K, used 5105K [0x00000000d5f80000, 0x00000000e1980000, 0x0000000100000000)
  eden space 94208K, 0% used [0x00000000d5f80000,0x00000000d5f80000,0x00000000dbb80000)
  from space 5120K, 99% used [0x00000000dbb80000,0x00000000dc07c7d0,0x00000000dc080000)
  to   space 24576K, 0% used [0x00000000e0180000,0x00000000e0180000,0x00000000e1980000)
 ParOldGen       total 101376K, used 32852K [0x0000000081e00000, 0x0000000088100000, 0x00000000d5f80000)
  object space 101376K, 32% used [0x0000000081e00000,0x0000000083e15200,0x0000000088100000)
 Metaspace       used 36290K, capacity 36833K, committed 37120K, reserved 1083392K
  class space    used 4573K, capacity 4742K, committed 4864K, reserved 1048576K
}
Event: 7.942 GC heap before
{Heap before GC invocations=8 (full 2):
 PSYoungGen      total 99328K, used 99313K [0x00000000d5f80000, 0x00000000e1980000, 0x0000000100000000)
  eden space 94208K, 100% used [0x00000000d5f80000,0x00000000dbb80000,0x00000000dbb80000)
  from space 5120K, 99% used [0x00000000dbb80000,0x00000000dc07c7d0,0x00000000dc080000)
  to   space 24576K, 0% used [0x00000000e0180000,0x00000000e0180000,0x00000000e1980000)
 ParOldGen       total 101376K, used 32852K [0x0000000081e00000, 0x0000000088100000, 0x00000000d5f80000)
  object space 101376K, 32% used [0x0000000081e00000,0x0000000083e15200,0x0000000088100000)
 Metaspace       used 37478K, capacity 38017K, committed 38400K, reserved 1085440K
  class space    used 4619K, capacity 4774K, committed 4864K, reserved 1048576K
Event: 7.964 GC heap after
Heap after GC invocations=8 (full 2):
 PSYoungGen      total 160256K, used 24546K [0x00000000d5f80000, 0x00000000e2100000, 0x0000000100000000)
  eden space 135680K, 0% used [0x00000000d5f80000,0x00000000d5f80000,0x00000000de400000)
  from space 24576K, 99% used [0x00000000e0180000,0x00000000e1978b80,0x00000000e1980000)
  to   space 30208K, 0% used [0x00000000de400000,0x00000000de400000,0x00000000e0180000)
 ParOldGen       total 101376K, used 34952K [0x0000000081e00000, 0x0000000088100000, 0x00000000d5f80000)
  object space 101376K, 34% used [0x0000000081e00000,0x00000000840220f0,0x0000000088100000)
 Metaspace       used 37478K, capacity 38017K, committed 38400K, reserved 1085440K
  class space    used 4619K, capacity 4774K, committed 4864K, reserved 1048576K
}

Deoptimization events (10 events):
Event: 10.472 Thread 0x0000000002fbd800 Uncommon trap: reason=class_check action=maybe_recompile pc=0x0000000003eed550 method=com.sun.tools.javac.code.Types$UnaryVisitor.visit(Lcom/sun/tools/javac/code/Type;)Ljava/lang/Object; @ 3
Event: 10.472 Thread 0x0000000002fbd800 Uncommon trap: reason=class_check action=maybe_recompile pc=0x0000000003e9d274 method=com.sun.tools.javac.code.Types$UnaryVisitor.visit(Lcom/sun/tools/javac/code/Type;)Ljava/lang/Object; @ 3
Event: 10.473 Thread 0x0000000002fbd800 Uncommon trap: reason=class_check action=maybe_recompile pc=0x0000000003eed550 method=com.sun.tools.javac.code.Types$UnaryVisitor.visit(Lcom/sun/tools/javac/code/Type;)Ljava/lang/Object; @ 3
Event: 10.473 Thread 0x0000000002fbd800 Uncommon trap: reason=class_check action=maybe_recompile pc=0x0000000003e9d274 method=com.sun.tools.javac.code.Types$UnaryVisitor.visit(Lcom/sun/tools/javac/code/Type;)Ljava/lang/Object; @ 3
Event: 10.474 Thread 0x0000000002fbd800 Uncommon trap: reason=class_check action=maybe_recompile pc=0x0000000003cf0c5c method=com.sun.tools.javac.code.Type.containsAny(Lcom/sun/tools/javac/util/List;)Z @ 6
Event: 10.474 Thread 0x0000000002fbd800 Uncommon trap: reason=class_check action=maybe_recompile pc=0x0000000003cf0c5c method=com.sun.tools.javac.code.Type.containsAny(Lcom/sun/tools/javac/util/List;)Z @ 6
Event: 10.474 Thread 0x0000000002fbd800 Uncommon trap: reason=class_check action=maybe_recompile pc=0x0000000003cf0c5c method=com.sun.tools.javac.code.Type.containsAny(Lcom/sun/tools/javac/util/List;)Z @ 6
Event: 10.475 Thread 0x0000000002fbd800 Uncommon trap: reason=class_check action=maybe_recompile pc=0x0000000003cf0c5c method=com.sun.tools.javac.code.Type.containsAny(Lcom/sun/tools/javac/util/List;)Z @ 6
Event: 10.554 Thread 0x0000000002fbd800 Uncommon trap: reason=unstable_if action=reinterpret pc=0x0000000003900d94 method=java.util.concurrent.ConcurrentHashMap.get(Ljava/lang/Object;)Ljava/lang/Object; @ 76
Event: 10.555 Thread 0x0000000002fbd800 Uncommon trap: reason=class_check action=maybe_recompile pc=0x0000000003582d74 method=java.util.concurrent.ConcurrentHashMap.putVal(Ljava/lang/Object;Ljava/lang/Object;Z)Ljava/lang/Object; @ 192

Classes redefined (0 events):
No events

Internal exceptions (10 events):
Event: 1.255 Thread 0x0000000002fbd800 Implicit null exception at 0x000000000357403b to 0x0000000003574601
Event: 1.359 Thread 0x0000000002fbd800 Exception <a 'java/lang/NoSuchFieldError': method resolution failed> (0x00000000d6ea2ab0) thrown at [D:\src\AOSP-openjdk-cygwin\jdk8u\hotspot\src\share\vm\prims\methodHandles.cpp, line 1167]
Event: 1.361 Thread 0x0000000002fbd800 Exception <a 'java/lang/NoSuchFieldError': method resolution failed> (0x00000000d6eb0028) thrown at [D:\src\AOSP-openjdk-cygwin\jdk8u\hotspot\src\share\vm\prims\methodHandles.cpp, line 1167]
Event: 1.597 Thread 0x0000000002fbd800 Implicit null exception at 0x0000000003551aef to 0x0000000003551b59
Event: 1.726 Thread 0x0000000002fbd800 Exception <a 'java/lang/NoSuchMethodError': java.lang.Object.lambda$comparing$77a9974f$1(Ljava/util/function/Function;Ljava/lang/Object;Ljava/lang/Object;)I> (0x00000000d5fd84f8) thrown at [D:\src\AOSP-openjdk-cygwin\jdk8u\hotspot\src\share\vm\interpreter
Event: 1.844 Thread 0x0000000002fbd800 Exception <a 'java/lang/ArrayIndexOutOfBoundsException': 67> (0x00000000d65b9b88) thrown at [D:\src\AOSP-openjdk-cygwin\jdk8u\hotspot\src\share\vm\interpreter\interpreterRuntime.cpp, line 368]
Event: 2.076 Thread 0x0000000002fbd800 Exception <a 'java/lang/NoSuchMethodError': java.lang.Object.lambda$static$0(I)[Lorg/jetbrains/kotlin/com/intellij/openapi/editor/event/DocumentListener;> (0x00000000d7014908) thrown at [D:\src\AOSP-openjdk-cygwin\jdk8u\hotspot\src\share\vm\interpreter\li
Event: 2.106 Thread 0x0000000002fbd800 Exception <a 'java/lang/NoSuchMethodError': java.lang.Object.lambda$static$0(I)[Lorg/jetbrains/kotlin/com/intellij/psi/PsiAnnotation;> (0x00000000d71d8608) thrown at [D:\src\AOSP-openjdk-cygwin\jdk8u\hotspot\src\share\vm\interpreter\linkResolver.cpp, line
Event: 2.236 Thread 0x0000000002fbd800 Exception <a 'java/lang/NoSuchMethodError': java.lang.Object.lambda$static$0(I)[Lorg/jetbrains/kotlin/com/intellij/psi/PsiElement;> (0x00000000d76c1390) thrown at [D:\src\AOSP-openjdk-cygwin\jdk8u\hotspot\src\share\vm\interpreter\linkResolver.cpp, line 62
Event: 9.375 Thread 0x0000000002fbd800 Implicit null exception at 0x000000000348f856 to 0x000000000348fbf9

Events (10 events):
Event: 10.616 loading class com/sun/tools/javac/processing/JavacFiler$FilerOutputFileObject
Event: 10.616 loading class com/sun/tools/javac/processing/JavacFiler$FilerOutputFileObject done
Event: 10.616 loading class javax/tools/ForwardingFileObject
Event: 10.616 loading class javax/tools/ForwardingFileObject done
Event: 10.616 loading class com/sun/tools/javac/processing/JavacFiler$FilerOutputStream
Event: 10.616 loading class com/sun/tools/javac/processing/JavacFiler$FilerOutputStream done
Event: 10.617 loading class com/sun/tools/javac/processing/JavacFiler$FilerWriter
Event: 10.617 loading class com/sun/tools/javac/processing/JavacFiler$FilerWriter done
Event: 10.617 loading class java/io/FilterWriter
Event: 10.617 loading class java/io/FilterWriter done


Dynamic libraries:
0x00007ff6a55f0000 - 0x00007ff6a5621000 	D:\AndroidStudio\AndroidStudio\jre\jre\bin\java.exe
0x00007fff32520000 - 0x00007fff32710000 	C:\Windows\SYSTEM32\ntdll.dll
0x00007fff30af0000 - 0x00007fff30ba2000 	C:\Windows\System32\KERNEL32.DLL
0x00007fff2f900000 - 0x00007fff2fba3000 	C:\Windows\System32\KERNELBASE.dll
0x00007fff308a0000 - 0x00007fff30943000 	C:\Windows\System32\ADVAPI32.dll
0x00007fff31f20000 - 0x00007fff31fbe000 	C:\Windows\System32\msvcrt.dll
0x00007fff30680000 - 0x00007fff30717000 	C:\Windows\System32\sechost.dll
0x00007fff30720000 - 0x00007fff30840000 	C:\Windows\System32\RPCRT4.dll
0x00007fff30950000 - 0x00007fff30ae4000 	C:\Windows\System32\USER32.dll
0x00007fff304a0000 - 0x00007fff304c1000 	C:\Windows\System32\win32u.dll
0x00007fff324b0000 - 0x00007fff324d6000 	C:\Windows\System32\GDI32.dll
0x00007fff2f4b0000 - 0x00007fff2f644000 	C:\Windows\System32\gdi32full.dll
0x00007fff2f780000 - 0x00007fff2f81e000 	C:\Windows\System32\msvcp_win.dll
0x00007fff304d0000 - 0x00007fff305ca000 	C:\Windows\System32\ucrtbase.dll
0x00007fff1f710000 - 0x00007fff1f995000 	C:\Windows\WinSxS\amd64_microsoft.windows.common-controls_6595b64144ccf1df_6.0.18362.778_none_e6c6b761130d4fb8\COMCTL32.dll
0x00007fff31150000 - 0x00007fff31486000 	C:\Windows\System32\combase.dll
0x00007fff2f6a0000 - 0x00007fff2f720000 	C:\Windows\System32\bcryptPrimitives.dll
0x00007fff310a0000 - 0x00007fff310ce000 	C:\Windows\System32\IMM32.DLL
0x000000005fc10000 - 0x000000005fce2000 	D:\AndroidStudio\AndroidStudio\jre\jre\bin\msvcr100.dll
0x0000000062410000 - 0x0000000062c56000 	D:\AndroidStudio\AndroidStudio\jre\jre\bin\server\jvm.dll
0x00007fff31e40000 - 0x00007fff31e48000 	C:\Windows\System32\PSAPI.DLL
0x00007fff2d1f0000 - 0x00007fff2d1f9000 	C:\Windows\SYSTEM32\WSOCK32.dll
0x00007fff2d0f0000 - 0x00007fff2d114000 	C:\Windows\SYSTEM32\WINMM.dll
0x00007fff291b0000 - 0x00007fff291ba000 	C:\Windows\SYSTEM32\VERSION.dll
0x00007fff31fc0000 - 0x00007fff3202f000 	C:\Windows\System32\WS2_32.dll
0x00007fff2d090000 - 0x00007fff2d0bd000 	C:\Windows\SYSTEM32\winmmbase.dll
0x00007fff2f650000 - 0x00007fff2f69a000 	C:\Windows\System32\cfgmgr32.dll
0x00007fff2b760000 - 0x00007fff2b76f000 	D:\AndroidStudio\AndroidStudio\jre\jre\bin\verify.dll
0x00007fff2a9e0000 - 0x00007fff2aa09000 	D:\AndroidStudio\AndroidStudio\jre\jre\bin\java.dll
0x00007fff23940000 - 0x00007fff23956000 	D:\AndroidStudio\AndroidStudio\jre\jre\bin\zip.dll
0x00007fff316f0000 - 0x00007fff31dd5000 	C:\Windows\System32\SHELL32.dll
0x00007fff32030000 - 0x00007fff320d9000 	C:\Windows\System32\shcore.dll
0x00007fff2fd20000 - 0x00007fff304a0000 	C:\Windows\System32\windows.storage.dll
0x00007fff2f410000 - 0x00007fff2f433000 	C:\Windows\System32\profapi.dll
0x00007fff2f460000 - 0x00007fff2f4aa000 	C:\Windows\System32\powrprof.dll
0x00007fff2f3e0000 - 0x00007fff2f3f0000 	C:\Windows\System32\UMPDC.dll
0x00007fff30840000 - 0x00007fff30892000 	C:\Windows\System32\shlwapi.dll
0x00007fff2f3f0000 - 0x00007fff2f401000 	C:\Windows\System32\kernel.appcore.dll
0x00007fff2fd00000 - 0x00007fff2fd17000 	C:\Windows\System32\cryptsp.dll
0x00007fff23920000 - 0x00007fff2393a000 	D:\AndroidStudio\AndroidStudio\jre\jre\bin\net.dll
0x00007fff1e480000 - 0x00007fff1e655000 	C:\Windows\SYSTEM32\urlmon.dll
0x00007fff1c1c0000 - 0x00007fff1c466000 	C:\Windows\SYSTEM32\iertutil.dll
0x00007fff2edc0000 - 0x00007fff2edcc000 	C:\Windows\SYSTEM32\CRYPTBASE.DLL
0x00007fff2ebf0000 - 0x00007fff2ec57000 	C:\Windows\system32\mswsock.dll
0x00007fff237a0000 - 0x00007fff237b3000 	D:\AndroidStudio\AndroidStudio\jre\jre\bin\nio.dll
0x00007fff2e760000 - 0x00007fff2e793000 	C:\Windows\system32\rsaenh.dll
0x00007fff2f820000 - 0x00007fff2f846000 	C:\Windows\System32\bcrypt.dll
0x00007fff2f2d0000 - 0x00007fff2f2f5000 	C:\Windows\SYSTEM32\USERENV.dll
0x00007fff2e900000 - 0x00007fff2e93a000 	C:\Windows\SYSTEM32\IPHLPAPI.DLL
0x00007fff31090000 - 0x00007fff31098000 	C:\Windows\System32\NSI.dll
0x00007fff28660000 - 0x00007fff28676000 	C:\Windows\SYSTEM32\dhcpcsvc6.DLL
0x00007fff284d0000 - 0x00007fff284ec000 	C:\Windows\SYSTEM32\dhcpcsvc.DLL
0x00007fff2e940000 - 0x00007fff2ea0a000 	C:\Windows\SYSTEM32\DNSAPI.dll
0x000000006adc0000 - 0x000000006aeb2000 	C:\Users\14703\AppData\Local\Temp\room-3edab63c-e273-41ed-8ba7-110657643e8a\sqlite-3.20.1-697427fe-ed8f-40f4-ba91-d257102c50e3-sqlitejdbc.dll

VM Arguments:
java_command: org.jetbrains.kotlin.cli.jvm.K2JVMCompiler -Xadd-compiler-builtins -Xbuild-file=C:\Users\14703\AppData\Local\Temp\kjps1546985222092888913schedule2_debug.script.xml -classpath C:\Users\14703\.gradle\caches\transforms-1\files-1.1\uetool-1.0.12.aar\396fa5540438b7635c2c466af7da7894\jars\classes.jar;C:\Users\14703\.gradle\caches\modules-2\files-2.1\org.jetbrains.kotlin\kotlin-android-extensions-runtime\1.3.31\721b62ccbafe51a284ca0d1c5dcfdce8cedd4255\kotlin-android-extensions-runtime-1.3.31.jar;E:\AS\WePeiYang-Android\WePeiYang\commons\build\intermediates\intermediate-jars\debug\classes.jar;C:\Users\14703\.gradle\caches\transforms-1\files-1.1\design-27.1.1.aar\7f78aacbf657d3b11e917dfde67c9dbb\jars\classes.jar;C:\Users\14703\.gradle\caches\transforms-1\files-1.1\matisse-0.4.3.aar\da87a3e2abaea3afb6df54ab608c1305\jars\classes.jar;C:\Users\14703\.gradle\caches\transforms-1\files-1.1\GlideImageLoader-1.3.2.aar\8a5cd7387da6379be13c53e8e9583748\jars\classes.jar;C:\Users\14703\.gradle\caches\transforms-1\files-1.1\ProgressPieIndicator-1.3.2.aar\243128b994465ee35ccdcac130983a0f\jars\classes.jar;C:\Users\14703\.gradle\caches\transforms-1\files-1.1\library-1.0.4.aar\714b86357ac827335fd523cf19e1a750\jars\classes.jar;C:\Users\14703\.gradle\caches\transforms-1\files-1.1\anko-0.10.8.aar\3a126a52a1f0b2101fcbea469a93af3e\jars\classes.jar;C:\Users\14703\.gradle\caches\transforms-1\files-1.1\anko-appcompat-v7-0.10.8.aar\bd5bd622648e396795f3d465518ec94a\jars\classes.jar;C:\Users\14703\.gradle\caches\transforms-1\files-1.1\anko-support-v4-0.10.8.aar\d805e25ff94ade10ddca1342bff11066\jars\classes.jar;C:\Users\14703\.gradle\caches\transforms-1\files-1.1\anko-appcompat-v7-coroutines-0.10.8.aar\4af60756bd79d9cfc7a6a6700567d1a6\jars\classes.jar;C:\Users\14703\.gradle\caches\transforms-1\files-1.1\anko-appcompat-v7-commons-0.10.8.aar\c505c509f8983b44a2f044f6b6d0d2a5\jars\classes.jar;C:\Users\14703\.gradle\caches\transforms-1\files-1.1\anko-support-v4-commons-0.10.8.aar\bc900fc5091dd
java_class_path (initial): C:\Users\14703\.gradle\caches\modules-2\files-2.1\org.jetbrains.kotlin\kotlin-compiler-embeddable\1.3.31\965ef6d9abe1555cc5d0a34dd24ce93b49123e7c\kotlin-compiler-embeddable-1.3.31.jar;C:\Users\14703\.gradle\caches\modules-2\files-2.1\org.jetbrains.kotlin\kotlin-reflect\1.3.31\5a426a5ada97967ca60fba495eeaa66cfa7c9e2f\kotlin-reflect-1.3.31.jar;C:\Users\14703\.gradle\caches\modules-2\files-2.1\org.jetbrains.kotlin\kotlin-stdlib\1.3.31\11289d20fd95ae219333f3456072be9f081c30cc\kotlin-stdlib-1.3.31.jar;C:\Users\14703\.gradle\caches\modules-2\files-2.1\org.jetbrains.kotlin\kotlin-script-runtime\1.3.31\e63e9d1a9ddb5f43ac72115de992aed8eb938cb5\kotlin-script-runtime-1.3.31.jar;C:\Users\14703\.gradle\caches\modules-2\files-2.1\org.jetbrains.intellij.deps\trove4j\1.0.20181211\216c2e14b070f334479d800987affe4054cd563f\trove4j-1.0.20181211.jar;C:\Users\14703\.gradle\caches\modules-2\files-2.1\org.jetbrains.kotlin\kotlin-stdlib-common\1.3.31\20c34a04ea25cb1ef0139598bd67c764562cb170\kotlin-stdlib-common-1.3.31.jar;C:\Users\14703\.gradle\caches\modules-2\files-2.1\org.jetbrains\annotations\13.0\919f0dfe192fb4e063e7dacadee7f8bb9a2672a9\annotations-13.0.jar;D:\AndroidStudio\AndroidStudio\jre\lib\tools.jar
Launcher Type: SUN_STANDARD

Environment Variables:
JAVA_HOME=D:\JDK
CLASSPATH=.;D:\JDK\lib\dt.jar;D:\JDK\lib\tools.jar
PATH=C:\Program Files (x86)\NVIDIA Corporation\PhysX\Common;C:\MinGW\bin;C:\Windows\system32;C:\Windows;C:\Windows\System32\Wbem;C:\Windows\System32\WindowsPowerShell\v1.0\;C:\Windows\System32\OpenSSH\;D:\Git\Git\cmd;D:\node.js\;D:\SQLite;C:\Users\14703\AppData\Local\Microsoft\WindowsApps;D:\BANDIZIP\;D:\JDK\bin;D:\JDK\jre\bin;D:\IntelliJ IDEA\IntelliJ IDEA 2019.2.3\bin;;C:\Users\14703\AppData\Roaming\npm;
USERNAME=14703
OS=Windows_NT
PROCESSOR_IDENTIFIER=Intel64 Family 6 Model 158 Stepping 10, GenuineIntel



---------------  S Y S T E M  ---------------

OS: Windows 10.0 , 64 bit Build 18362 (10.0.18362.778)

CPU:total 12 (initial active 12) (6 cores per cpu, 2 threads per core) family 6 model 158 stepping 10, cmov, cx8, fxsr, mmx, sse, sse2, sse3, ssse3, sse4.1, sse4.2, popcnt, avx, avx2, aes, clmul, erms, 3dnowpref, lzcnt, ht, tsc, tscinvbit, bmi1, bmi2, adx

Memory: 4k page, physical 8258868k(493968k free), swap 17136304k(10520k free)

vm_info: OpenJDK 64-Bit Server VM (25.212-b04) for windows-amd64 JRE (1.8.0_212-release-1586-b04), built by "builder" with MS VC++ 10.0 (VS2010)

time: Tue May 12 13:46:43 2020
timezone: 中国标准时间
elapsed time: 10 seconds (0d 0h 0m 10s)

